#-----------------------------------------------------------
# Vivado v2021.1 (64-bit)
# SW Build 3247384 on Thu Jun 10 19:36:33 MDT 2021
# IP Build 3246043 on Fri Jun 11 00:30:35 MDT 2021
# Start of session at: Fri Dec 10 02:31:36 2021
# Process ID: 1936
# Current directory: C:/Users/Bryan/Desktop/Lab6
# Command line: vivado.exe -gui_launcher_event rodinguilauncherevent11756 C:\Users\Bryan\Desktop\Lab6\bryan_pong.xpr
# Log file: C:/Users/Bryan/Desktop/Lab6/vivado.log
# Journal file: C:/Users/Bryan/Desktop/Lab6\vivado.jou
#-----------------------------------------------------------
start_gui
open_project C:/Users/Bryan/Desktop/Lab6/bryan_pong.xpr
WARNING: [filemgmt 56-3] Board Part Repository Path: Could not find the directory 'C:/Users/Bryan/Desktop/AppData/Roaming/Xilinx/Vivado/2021.1/xhub/board_store/xilinx_board_store'.
WARNING: [filemgmt 56-3] Default IP Output Path : Could not find the directory 'C:/Users/Bryan/Desktop/Lab6/bryan_pong.gen/sources_1'.
WARNING: [filemgmt 56-3] IPUserFilesDir: Could not find the directory 'C:/Users/Bryan/Desktop/Lab6/bryan_pong.ip_user_files'.
Scanning sources...
Finished scanning sources
INFO: [IP_Flow 19-234] Refreshing IP repositories
INFO: [IP_Flow 19-1704] No user IP repositories specified
INFO: [IP_Flow 19-2313] Loaded Vivado IP repository 'C:/Xilinx/Vivado/2021.1/data/ip'.
open_project: Time (s): cpu = 00:00:14 ; elapsed = 00:00:06 . Memory (MB): peak = 1135.141 ; gain = 0.000
update_compile_order -fileset sources_1
open_hw_manager
ERROR: [Labtools 27-1429] XML parser encountered a problem in file C:/Users/Bryan/Desktop/Lab6/bryan_pong.hw/hw_1/hw.xml at line 1 : XML character encoding not supported
exit
INFO: [Common 17-206] Exiting Vivado at Fri Dec 10 02:35:23 2021...
